<?xml version="1.0" encoding="UTF-8"?>
<!-- Generated by org.testng.reporters.JUnitXMLReporter -->
<testsuite hostname="INAIRDT541600" ignored="0" name="Test" tests="3" failures="0" timestamp="19 Sep 2018 09:59:16 GMT" time="0.036" errors="0">
  <testcase name="@BeforeMethod setUp" time="0.004" classname="com.dra3.testcases.LoginPageTest">
    <failure type="java.lang.NullPointerException">
      <![CDATA[java.lang.NullPointerException
at com.dra3.base.TestBase.initialisation(TestBase.java:56)
at com.dra3.testcases.LoginPageTest.setUp(LoginPageTest.java:25)
... Removed 28 stack frames]]>
    </failure>
  </testcase> <!-- @BeforeMethod setUp -->
  <testcase name="@BeforeMethod setUp" time="0.0" classname="com.dra3.testcases.LoginPageTest">
    <skipped/>
  </testcase> <!-- @BeforeMethod setUp -->
  <testcase name="@BeforeMethod setUp" time="0.0" classname="com.dra3.testcases.LoginPageTest">
    <skipped/>
  </testcase> <!-- @BeforeMethod setUp -->
  <testcase name="LoginTest" time="0.0" classname="com.dra3.testcases.LoginPageTest">
    <skipped/>
  </testcase> <!-- LoginTest -->
  <testcase name="PageTitleTest" time="0.0" classname="com.dra3.testcases.LoginPageTest">
    <skipped/>
  </testcase> <!-- PageTitleTest -->
  <testcase name="dra3logoTest" time="0.0" classname="com.dra3.testcases.LoginPageTest">
    <skipped/>
  </testcase> <!-- dra3logoTest -->
</testsuite> <!-- Test -->
